# JRE version: OpenJDK Runtime Environment (16.0.1+9) (build 16.0.1+9-24)
# Java VM: OpenJDK 64-Bit Server VM (16.0.1+9-24, mixed mode, tiered, compressed oops, compressed class ptrs, g1 gc, windows-amd64)
GC Precious Log:
 CPUs: 4 total, 4 available
 Memory: 12148M
 Large Page Support: Disabled
 NUMA Support: Disabled
 Compressed Oops: Enabled (Zero based)
 Heap Region Size: 2M
 Heap Min Capacity: 8M
 Heap Initial Capacity: 190M
 Heap Max Capacity: 3038M
 Pre-touch: Disabled
 Parallel Workers: 4
 Concurrent Workers: 1
 Concurrent Refinement Workers: 4
 Periodic GC: Disabled
Heap:
 garbage-first heap   total 90112K, used 29523K [0x0000000742200000, 0x0000000800000000)
  region size 2048K, 3 young (6144K), 2 survivors (4096K)
 Metaspace       used 69437K, committed 69888K, reserved 1114112K
  class space    used 9245K, committed 9472K, reserved 1048576K
GC Heap History (20 events):
Event: 6.410 GC heap before
{Heap before GC invocations=17 (full 0):
 garbage-first heap   total 73728K, used 55219K [0x0000000742200000, 0x0000000800000000)
  region size 2048K, 21 young (43008K), 2 survivors (4096K)
 Metaspace       used 45574K, committed 45952K, reserved 1089536K
  class space    used 5691K, committed 5888K, reserved 1048576K
}
Event: 6.415 GC heap after
{Heap after GC invocations=18 (full 0):
 garbage-first heap   total 73728K, used 19635K [0x0000000742200000, 0x0000000800000000)
  region size 2048K, 2 young (4096K), 2 survivors (4096K)
 Metaspace       used 45574K, committed 45952K, reserved 1089536K
  class space    used 5691K, committed 5888K, reserved 1048576K
}
Event: 6.929 GC heap before
{Heap before GC invocations=18 (full 0):
 garbage-first heap   total 73728K, used 58547K [0x0000000742200000, 0x0000000800000000)
  region size 2048K, 21 young (43008K), 2 survivors (4096K)
 Metaspace       used 49228K, committed 49600K, reserved 1097728K
  class space    used 6366K, committed 6528K, reserved 1048576K
}
Event: 6.935 GC heap after
{Heap after GC invocations=19 (full 0):
 garbage-first heap   total 73728K, used 20813K [0x0000000742200000, 0x0000000800000000)
  region size 2048K, 2 young (4096K), 2 survivors (4096K)
 Metaspace       used 49228K, committed 49600K, reserved 1097728K
  class space    used 6366K, committed 6528K, reserved 1048576K
}
Event: 7.348 GC heap before
{Heap before GC invocations=19 (full 0):
 garbage-first heap   total 73728K, used 59725K [0x0000000742200000, 0x0000000800000000)
  region size 2048K, 21 young (43008K), 2 survivors (4096K)
 Metaspace       used 52754K, committed 53184K, reserved 1097728K
  class space    used 6841K, committed 7040K, reserved 1048576K
}
Event: 7.355 GC heap after
{Heap after GC invocations=20 (full 0):
 garbage-first heap   total 161792K, used 21572K [0x0000000742200000, 0x0000000800000000)
  region size 2048K, 2 young (4096K), 2 survivors (4096K)
 Metaspace       used 52754K, committed 53184K, reserved 1097728K
  class space    used 6841K, committed 7040K, reserved 1048576K
}
Event: 8.262 GC heap before
{Heap before GC invocations=20 (full 0):
 garbage-first heap   total 161792K, used 93252K [0x0000000742200000, 0x0000000800000000)
  region size 2048K, 38 young (77824K), 2 survivors (4096K)
 Metaspace       used 59189K, committed 59520K, reserved 1105920K
  class space    used 7828K, committed 8000K, reserved 1048576K
}
Event: 8.271 GC heap after
{Heap after GC invocations=21 (full 0):
 garbage-first heap   total 161792K, used 23349K [0x0000000742200000, 0x0000000800000000)
  region size 2048K, 3 young (6144K), 3 survivors (6144K)
 Metaspace       used 59189K, committed 59520K, reserved 1105920K
  class space    used 7828K, committed 8000K, reserved 1048576K
}
Event: 9.207 GC heap before
{Heap before GC invocations=22 (full 0):
 garbage-first heap   total 110592K, used 82741K [0x0000000742200000, 0x0000000800000000)
  region size 2048K, 32 young (65536K), 3 survivors (6144K)
 Metaspace       used 62590K, committed 62976K, reserved 1105920K
  class space    used 8309K, committed 8512K, reserved 1048576K
}
Event: 9.217 GC heap after
{Heap after GC invocations=23 (full 0):
 garbage-first heap   total 110592K, used 25143K [0x0000000742200000, 0x0000000800000000)
  region size 2048K, 3 young (6144K), 3 survivors (6144K)
 Metaspace       used 62590K, committed 62976K, reserved 1105920K
  class space    used 8309K, committed 8512K, reserved 1048576K
}
Event: 24.819 GC heap before
{Heap before GC invocations=23 (full 0):
 garbage-first heap   total 110592K, used 84535K [0x0000000742200000, 0x0000000800000000)
  region size 2048K, 32 young (65536K), 3 survivors (6144K)
 Metaspace       used 66817K, committed 67264K, reserved 1114112K
  class space    used 8921K, committed 9152K, reserved 1048576K
}
Event: 24.831 GC heap after
{Heap after GC invocations=24 (full 0):
 garbage-first heap   total 110592K, used 28372K [0x0000000742200000, 0x0000000800000000)
  region size 2048K, 4 young (8192K), 4 survivors (8192K)
 Metaspace       used 66817K, committed 67264K, reserved 1114112K
  class space    used 8921K, committed 9152K, reserved 1048576K
}
Event: 181.751 GC heap before
{Heap before GC invocations=24 (full 0):
 garbage-first heap   total 110592K, used 54996K [0x0000000742200000, 0x0000000800000000)
  region size 2048K, 19 young (38912K), 4 survivors (8192K)
 Metaspace       used 68853K, committed 69312K, reserved 1114112K
  class space    used 9176K, committed 9408K, reserved 1048576K
}
Event: 181.801 GC heap after
{Heap after GC invocations=25 (full 1):
 garbage-first heap   total 90112K, used 23889K [0x0000000742200000, 0x0000000800000000)
  region size 2048K, 0 young (0K), 0 survivors (0K)
 Metaspace       used 68853K, committed 69312K, reserved 1114112K
  class space    used 9176K, committed 9408K, reserved 1048576K
}
Event: 182.373 GC heap before
{Heap before GC invocations=25 (full 1):
 garbage-first heap   total 90112K, used 68945K [0x0000000742200000, 0x0000000800000000)
  region size 2048K, 23 young (47104K), 0 survivors (0K)
 Metaspace       used 68984K, committed 69376K, reserved 1114112K
  class space    used 9195K, committed 9408K, reserved 1048576K
}
Event: 182.378 GC heap after
{Heap after GC invocations=26 (full 1):
 garbage-first heap   total 90112K, used 27139K [0x0000000742200000, 0x0000000800000000)
  region size 2048K, 2 young (4096K), 2 survivors (4096K)
 Metaspace       used 68984K, committed 69376K, reserved 1114112K
  class space    used 9195K, committed 9408K, reserved 1048576K
}
Event: 182.838 GC heap before
{Heap before GC invocations=26 (full 1):
 garbage-first heap   total 90112K, used 68099K [0x0000000742200000, 0x0000000800000000)
  region size 2048K, 23 young (47104K), 2 survivors (4096K)
 Metaspace       used 69130K, committed 69568K, reserved 1114112K
  class space    used 9211K, committed 9408K, reserved 1048576K
}
Event: 182.844 GC heap after
{Heap after GC invocations=27 (full 1):
 garbage-first heap   total 90112K, used 28331K [0x0000000742200000, 0x0000000800000000)
  region size 2048K, 3 young (6144K), 3 survivors (6144K)
 Metaspace       used 69130K, committed 69568K, reserved 1114112K
  class space    used 9211K, committed 9408K, reserved 1048576K
}
Event: 273.316 GC heap before
{Heap before GC invocations=27 (full 1):
 garbage-first heap   total 90112K, used 69291K [0x0000000742200000, 0x0000000800000000)
  region size 2048K, 23 young (47104K), 3 survivors (6144K)
 Metaspace       used 69418K, committed 69888K, reserved 1114112K
  class space    used 9244K, committed 9472K, reserved 1048576K
}
Event: 273.338 GC heap after
{Heap after GC invocations=28 (full 1):
 garbage-first heap   total 90112K, used 29523K [0x0000000742200000, 0x0000000800000000)
  region size 2048K, 2 young (4096K), 2 survivors (4096K)
 Metaspace       used 69418K, committed 69888K, reserved 1114112K
  class space    used 9244K, committed 9472K, reserved 1048576K
}

